<?xml version="1.0" encoding="UTF-8"?>
<!-- Generated by org.testng.reporters.JUnitReportReporter -->
<testsuite skipped="0" hostname="DESKTOP-B0O3T20" name="TestAuto.NewTest" tests="1" failures="0" timestamp="02 Jul 2020 15:23:17 GMT" time="0.016" errors="0">
  <testcase name="f" time="0.016" classname="TestAuto.NewTest"/>
</testsuite> <!-- TestAuto.NewTest -->
