<?xml version="1.0" encoding="UTF-8"?>
<!-- Generated by org.testng.reporters.JUnitReportReporter -->
<testsuite skipped="0" hostname="DESKTOP-B0O3T20" name="TestAuto.LoginPageTest" tests="2" failures="0" timestamp="03 Jul 2020 07:11:47 GMT" time="7.459" errors="0">
  <testcase name="TestOracleWebPage" time="7.388" classname="TestAuto.LoginPageTest"/>
  <testcase name="TableDataforTest" time="0.071" classname="TestAuto.LoginPageTest"/>
</testsuite> <!-- TestAuto.LoginPageTest -->
