<?xml version="1.0" encoding="UTF-8"?>
<!-- Generated by org.testng.reporters.JUnitReportReporter -->
<testsuite skipped="0" hostname="DESKTOP-B0O3T20" name="TestAuto.LoginPageTest" tests="2" failures="0" timestamp="28 Jul 2020 15:19:32 GMT" time="24.564" errors="0">
  <testcase name="TestOracleWebPage" time="7.867" classname="TestAuto.LoginPageTest"/>
  <testcase name="TableDataforTest" time="16.697" classname="TestAuto.LoginPageTest"/>
</testsuite> <!-- TestAuto.LoginPageTest -->
